<?xml version="1.0" encoding="UTF-8"?>
<!-- Generated by org.testng.reporters.JUnitReportReporter -->
<testsuite name="project.Demo" tests="1" time="0.005" ignored="0" failures="0" timestamp="18 Feb 2021 05:11:13 GMT" skipped="0" hostname="DESKTOP-LRH6MPE" errors="0">
  <testcase name="testA" time="0.005" classname="project.Demo"/>
</testsuite> <!-- project.Demo -->
